# from prep.sh, was hardwired as packagelist
package: filesystem
package: udev
package: dhclient
package: bash
package: coreutils
package: iputils
package: kernel
package: bzip2
package: diffutils
package: logrotate
package: passwd
package: rsh
package: rsync
package: sudo
package: tcpdump
package: telnet
package: traceroute
package: time
package: wget
package: yum
package: curl
package: gzip
package: python
package: tar
package: pciutils
package: kbd
package: authconfig
package: hdparm
package: lvm
package: lvm2
package: kexec-tools
package: gnupg
package: nano
package: parted
package: pyparted
package: openssh-server
package: openssh-clients
package: ncftp
package: dosfstools
package: dos2unix
package: bind-utils
package: sharutils
package: vconfig
package: ntp
